Requirement already satisfied: scons in /home/xo78roy/.local/lib/python3.8/site-packages (4.6.0)
Requirement already satisfied: setuptools in /cluster/miniconda3-py38/lib/python3.8/site-packages (from scons) (46.4.0.post20200518)
scons: Reading SConscript files ...
####################################
### Tsunami Lab                  ###
###                              ###
### https://scalable.uni-jena.de ###
####################################

runnning build script
Linux
scons: done reading SConscript files.
scons: Building targets ...
/cluster/spack/opt/spack/linux-centos7-broadwell/gcc-10.2.0/gcc-11.2.0-c27urtyjryzoyyqfms5m3ewi6vrtvt44/bin/g++ -o build/src/io/csv/Csv.o -c -std=c++17 -Wall -Wextra -Wpedantic -Werror -O3 -isystem submodules/Catch2/single_include -fopenmp build/src/io/csv/Csv.cpp
/cluster/spack/opt/spack/linux-centos7-broadwell/gcc-10.2.0/gcc-11.2.0-c27urtyjryzoyyqfms5m3ewi6vrtvt44/bin/g++ -o build/src/io/csv/Csv.test.o -c -std=c++17 -Wall -Wextra -Wpedantic -Werror -O3 -isystem submodules/Catch2/single_include -fopenmp build/src/io/csv/Csv.test.cpp
/cluster/spack/opt/spack/linux-centos7-broadwell/gcc-10.2.0/gcc-11.2.0-c27urtyjryzoyyqfms5m3ewi6vrtvt44/bin/g++ -o build/src/io/netCDF/NetCDF.o -c -std=c++17 -Wall -Wextra -Wpedantic -Werror -O3 -isystem submodules/Catch2/single_include -fopenmp build/src/io/netCDF/NetCDF.cpp
/cluster/spack/opt/spack/linux-centos7-broadwell/gcc-10.2.0/gcc-11.2.0-c27urtyjryzoyyqfms5m3ewi6vrtvt44/bin/g++ -o build/src/io/netCDF/NetCDF.test.o -c -std=c++17 -Wall -Wextra -Wpedantic -Werror -O3 -isystem submodules/Catch2/single_include -fopenmp build/src/io/netCDF/NetCDF.test.cpp
/cluster/spack/opt/spack/linux-centos7-broadwell/gcc-10.2.0/gcc-11.2.0-c27urtyjryzoyyqfms5m3ewi6vrtvt44/bin/g++ -o build/src/io/stations/Stations.o -c -std=c++17 -Wall -Wextra -Wpedantic -Werror -O3 -isystem submodules/Catch2/single_include -fopenmp build/src/io/stations/Stations.cpp
/cluster/spack/opt/spack/linux-centos7-broadwell/gcc-10.2.0/gcc-11.2.0-c27urtyjryzoyyqfms5m3ewi6vrtvt44/bin/g++ -o build/src/io/stations/Stations.test.o -c -std=c++17 -Wall -Wextra -Wpedantic -Werror -O3 -isystem submodules/Catch2/single_include -fopenmp build/src/io/stations/Stations.test.cpp
/cluster/spack/opt/spack/linux-centos7-broadwell/gcc-10.2.0/gcc-11.2.0-c27urtyjryzoyyqfms5m3ewi6vrtvt44/bin/g++ -o build/src/main.o -c -std=c++17 -Wall -Wextra -Wpedantic -Werror -O3 -isystem submodules/Catch2/single_include -fopenmp build/src/main.cpp
/cluster/spack/opt/spack/linux-centos7-broadwell/gcc-10.2.0/gcc-11.2.0-c27urtyjryzoyyqfms5m3ewi6vrtvt44/bin/g++ -o build/src/patches/wavepropagation1d/WavePropagation1d.o -c -std=c++17 -Wall -Wextra -Wpedantic -Werror -O3 -isystem submodules/Catch2/single_include -fopenmp build/src/patches/wavepropagation1d/WavePropagation1d.cpp
/cluster/spack/opt/spack/linux-centos7-broadwell/gcc-10.2.0/gcc-11.2.0-c27urtyjryzoyyqfms5m3ewi6vrtvt44/bin/g++ -o build/src/patches/wavepropagation1d/WavePropagation1d.test.o -c -std=c++17 -Wall -Wextra -Wpedantic -Werror -O3 -isystem submodules/Catch2/single_include -fopenmp build/src/patches/wavepropagation1d/WavePropagation1d.test.cpp
/cluster/spack/opt/spack/linux-centos7-broadwell/gcc-10.2.0/gcc-11.2.0-c27urtyjryzoyyqfms5m3ewi6vrtvt44/bin/g++ -o build/src/patches/wavepropagation2d/WavePropagation2d.o -c -std=c++17 -Wall -Wextra -Wpedantic -Werror -O3 -isystem submodules/Catch2/single_include -fopenmp build/src/patches/wavepropagation2d/WavePropagation2d.cpp
/cluster/spack/opt/spack/linux-centos7-broadwell/gcc-10.2.0/gcc-11.2.0-c27urtyjryzoyyqfms5m3ewi6vrtvt44/bin/g++ -o build/src/patches/wavepropagation2d/WavePropagation2d.test.o -c -std=c++17 -Wall -Wextra -Wpedantic -Werror -O3 -isystem submodules/Catch2/single_include -fopenmp build/src/patches/wavepropagation2d/WavePropagation2d.test.cpp
/cluster/spack/opt/spack/linux-centos7-broadwell/gcc-10.2.0/gcc-11.2.0-c27urtyjryzoyyqfms5m3ewi6vrtvt44/bin/g++ -o build/src/setups/artificialTsunami2d/ArtificialTsunami2d.o -c -std=c++17 -Wall -Wextra -Wpedantic -Werror -O3 -isystem submodules/Catch2/single_include -fopenmp build/src/setups/artificialTsunami2d/ArtificialTsunami2d.cpp
/cluster/spack/opt/spack/linux-centos7-broadwell/gcc-10.2.0/gcc-11.2.0-c27urtyjryzoyyqfms5m3ewi6vrtvt44/bin/g++ -o build/src/setups/artificialTsunami2d/ArtificialTsunami2d.test.o -c -std=c++17 -Wall -Wextra -Wpedantic -Werror -O3 -isystem submodules/Catch2/single_include -fopenmp build/src/setups/artificialTsunami2d/ArtificialTsunami2d.test.cpp
/cluster/spack/opt/spack/linux-centos7-broadwell/gcc-10.2.0/gcc-11.2.0-c27urtyjryzoyyqfms5m3ewi6vrtvt44/bin/g++ -o build/src/setups/checkpoint/Checkpoint.o -c -std=c++17 -Wall -Wextra -Wpedantic -Werror -O3 -isystem submodules/Catch2/single_include -fopenmp build/src/setups/checkpoint/Checkpoint.cpp
/cluster/spack/opt/spack/linux-centos7-broadwell/gcc-10.2.0/gcc-11.2.0-c27urtyjryzoyyqfms5m3ewi6vrtvt44/bin/g++ -o build/src/setups/dambreak1d/DamBreak1d.o -c -std=c++17 -Wall -Wextra -Wpedantic -Werror -O3 -isystem submodules/Catch2/single_include -fopenmp build/src/setups/dambreak1d/DamBreak1d.cpp
/cluster/spack/opt/spack/linux-centos7-broadwell/gcc-10.2.0/gcc-11.2.0-c27urtyjryzoyyqfms5m3ewi6vrtvt44/bin/g++ -o build/src/setups/dambreak1d/DamBreak1d.test.o -c -std=c++17 -Wall -Wextra -Wpedantic -Werror -O3 -isystem submodules/Catch2/single_include -fopenmp build/src/setups/dambreak1d/DamBreak1d.test.cpp
/cluster/spack/opt/spack/linux-centos7-broadwell/gcc-10.2.0/gcc-11.2.0-c27urtyjryzoyyqfms5m3ewi6vrtvt44/bin/g++ -o build/src/setups/dambreak2d/DamBreak2d.o -c -std=c++17 -Wall -Wextra -Wpedantic -Werror -O3 -isystem submodules/Catch2/single_include -fopenmp build/src/setups/dambreak2d/DamBreak2d.cpp
/cluster/spack/opt/spack/linux-centos7-broadwell/gcc-10.2.0/gcc-11.2.0-c27urtyjryzoyyqfms5m3ewi6vrtvt44/bin/g++ -o build/src/setups/dambreak2d/DamBreak2d.test.o -c -std=c++17 -Wall -Wextra -Wpedantic -Werror -O3 -isystem submodules/Catch2/single_include -fopenmp build/src/setups/dambreak2d/DamBreak2d.test.cpp
/cluster/spack/opt/spack/linux-centos7-broadwell/gcc-10.2.0/gcc-11.2.0-c27urtyjryzoyyqfms5m3ewi6vrtvt44/bin/g++ -o build/src/setups/rarerare1d/RareRare1d.o -c -std=c++17 -Wall -Wextra -Wpedantic -Werror -O3 -isystem submodules/Catch2/single_include -fopenmp build/src/setups/rarerare1d/RareRare1d.cpp
/cluster/spack/opt/spack/linux-centos7-broadwell/gcc-10.2.0/gcc-11.2.0-c27urtyjryzoyyqfms5m3ewi6vrtvt44/bin/g++ -o build/src/setups/rarerare1d/RareRare1d.test.o -c -std=c++17 -Wall -Wextra -Wpedantic -Werror -O3 -isystem submodules/Catch2/single_include -fopenmp build/src/setups/rarerare1d/RareRare1d.test.cpp
/cluster/spack/opt/spack/linux-centos7-broadwell/gcc-10.2.0/gcc-11.2.0-c27urtyjryzoyyqfms5m3ewi6vrtvt44/bin/g++ -o build/src/setups/shockshock1d/ShockShock1d.o -c -std=c++17 -Wall -Wextra -Wpedantic -Werror -O3 -isystem submodules/Catch2/single_include -fopenmp build/src/setups/shockshock1d/ShockShock1d.cpp
/cluster/spack/opt/spack/linux-centos7-broadwell/gcc-10.2.0/gcc-11.2.0-c27urtyjryzoyyqfms5m3ewi6vrtvt44/bin/g++ -o build/src/setups/shockshock1d/ShockShock1d.test.o -c -std=c++17 -Wall -Wextra -Wpedantic -Werror -O3 -isystem submodules/Catch2/single_include -fopenmp build/src/setups/shockshock1d/ShockShock1d.test.cpp
/cluster/spack/opt/spack/linux-centos7-broadwell/gcc-10.2.0/gcc-11.2.0-c27urtyjryzoyyqfms5m3ewi6vrtvt44/bin/g++ -o build/src/setups/subcritical1d/Subcritical1d.o -c -std=c++17 -Wall -Wextra -Wpedantic -Werror -O3 -isystem submodules/Catch2/single_include -fopenmp build/src/setups/subcritical1d/Subcritical1d.cpp
/cluster/spack/opt/spack/linux-centos7-broadwell/gcc-10.2.0/gcc-11.2.0-c27urtyjryzoyyqfms5m3ewi6vrtvt44/bin/g++ -o build/src/setups/supercritical1d/Supercritical1d.o -c -std=c++17 -Wall -Wextra -Wpedantic -Werror -O3 -isystem submodules/Catch2/single_include -fopenmp build/src/setups/supercritical1d/Supercritical1d.cpp
/cluster/spack/opt/spack/linux-centos7-broadwell/gcc-10.2.0/gcc-11.2.0-c27urtyjryzoyyqfms5m3ewi6vrtvt44/bin/g++ -o build/src/setups/supercritical1d/Supercritical1d.test.o -c -std=c++17 -Wall -Wextra -Wpedantic -Werror -O3 -isystem submodules/Catch2/single_include -fopenmp build/src/setups/supercritical1d/Supercritical1d.test.cpp
/cluster/spack/opt/spack/linux-centos7-broadwell/gcc-10.2.0/gcc-11.2.0-c27urtyjryzoyyqfms5m3ewi6vrtvt44/bin/g++ -o build/src/setups/tsunamievent1d/TsunamiEvent1d.o -c -std=c++17 -Wall -Wextra -Wpedantic -Werror -O3 -isystem submodules/Catch2/single_include -fopenmp build/src/setups/tsunamievent1d/TsunamiEvent1d.cpp
/cluster/spack/opt/spack/linux-centos7-broadwell/gcc-10.2.0/gcc-11.2.0-c27urtyjryzoyyqfms5m3ewi6vrtvt44/bin/g++ -o build/src/setups/tsunamievent1d/TsunamiEvent1d.test.o -c -std=c++17 -Wall -Wextra -Wpedantic -Werror -O3 -isystem submodules/Catch2/single_include -fopenmp build/src/setups/tsunamievent1d/TsunamiEvent1d.test.cpp
/cluster/spack/opt/spack/linux-centos7-broadwell/gcc-10.2.0/gcc-11.2.0-c27urtyjryzoyyqfms5m3ewi6vrtvt44/bin/g++ -o build/src/setups/tsunamievent2d/TsunamiEvent2d.o -c -std=c++17 -Wall -Wextra -Wpedantic -Werror -O3 -isystem submodules/Catch2/single_include -fopenmp build/src/setups/tsunamievent2d/TsunamiEvent2d.cpp
/cluster/spack/opt/spack/linux-centos7-broadwell/gcc-10.2.0/gcc-11.2.0-c27urtyjryzoyyqfms5m3ewi6vrtvt44/bin/g++ -o build/src/solvers/f-wave/F_wave.o -c -std=c++17 -Wall -Wextra -Wpedantic -Werror -O3 -isystem submodules/Catch2/single_include -fopenmp build/src/solvers/f-wave/F_wave.cpp
/cluster/spack/opt/spack/linux-centos7-broadwell/gcc-10.2.0/gcc-11.2.0-c27urtyjryzoyyqfms5m3ewi6vrtvt44/bin/g++ -o build/src/solvers/f-wave/F_wave.test.o -c -std=c++17 -Wall -Wextra -Wpedantic -Werror -O3 -isystem submodules/Catch2/single_include -fopenmp build/src/solvers/f-wave/F_wave.test.cpp
/cluster/spack/opt/spack/linux-centos7-broadwell/gcc-10.2.0/gcc-11.2.0-c27urtyjryzoyyqfms5m3ewi6vrtvt44/bin/g++ -o build/src/solvers/roe/Roe.o -c -std=c++17 -Wall -Wextra -Wpedantic -Werror -O3 -isystem submodules/Catch2/single_include -fopenmp build/src/solvers/roe/Roe.cpp
/cluster/spack/opt/spack/linux-centos7-broadwell/gcc-10.2.0/gcc-11.2.0-c27urtyjryzoyyqfms5m3ewi6vrtvt44/bin/g++ -o build/src/solvers/roe/Roe.test.o -c -std=c++17 -Wall -Wextra -Wpedantic -Werror -O3 -isystem submodules/Catch2/single_include -fopenmp build/src/solvers/roe/Roe.test.cpp
/cluster/spack/opt/spack/linux-centos7-broadwell/gcc-10.2.0/gcc-11.2.0-c27urtyjryzoyyqfms5m3ewi6vrtvt44/bin/g++ -o build/src/tests.o -c -std=c++17 -Wall -Wextra -Wpedantic -Werror -O3 -isystem submodules/Catch2/single_include -fopenmp build/src/tests.cpp
/cluster/spack/opt/spack/linux-centos7-broadwell/gcc-10.2.0/gcc-11.2.0-c27urtyjryzoyyqfms5m3ewi6vrtvt44/bin/g++ -o build/tests -fopenmp build/src/solvers/roe/Roe.o build/src/solvers/f-wave/F_wave.o build/src/patches/wavepropagation1d/WavePropagation1d.o build/src/patches/wavepropagation2d/WavePropagation2d.o build/src/setups/dambreak1d/DamBreak1d.o build/src/setups/dambreak2d/DamBreak2d.o build/src/setups/shockshock1d/ShockShock1d.o build/src/setups/rarerare1d/RareRare1d.o build/src/setups/subcritical1d/Subcritical1d.o build/src/setups/supercritical1d/Supercritical1d.o build/src/setups/tsunamievent1d/TsunamiEvent1d.o build/src/setups/tsunamievent2d/TsunamiEvent2d.o build/src/setups/artificialTsunami2d/ArtificialTsunami2d.o build/src/io/csv/Csv.o build/src/io/stations/Stations.o build/src/io/netCDF/NetCDF.o build/src/setups/checkpoint/Checkpoint.o build/src/tests.o build/src/solvers/roe/Roe.test.o build/src/solvers/f-wave/F_wave.test.o build/src/patches/wavepropagation1d/WavePropagation1d.test.o build/src/patches/wavepropagation2d/WavePropagation2d.test.o build/src/setups/dambreak1d/DamBreak1d.test.o build/src/setups/dambreak2d/DamBreak2d.test.o build/src/setups/shockshock1d/ShockShock1d.test.o build/src/setups/rarerare1d/RareRare1d.test.o build/src/setups/supercritical1d/Supercritical1d.test.o build/src/setups/tsunamievent1d/TsunamiEvent1d.test.o build/src/setups/artificialTsunami2d/ArtificialTsunami2d.test.o build/src/io/csv/Csv.test.o build/src/io/stations/Stations.test.o build/src/io/netCDF/NetCDF.test.o -lnetcdf
/cluster/spack/opt/spack/linux-centos7-broadwell/gcc-10.2.0/gcc-11.2.0-c27urtyjryzoyyqfms5m3ewi6vrtvt44/bin/g++ -o build/tsunami_lab -fopenmp build/src/solvers/roe/Roe.o build/src/solvers/f-wave/F_wave.o build/src/patches/wavepropagation1d/WavePropagation1d.o build/src/patches/wavepropagation2d/WavePropagation2d.o build/src/setups/dambreak1d/DamBreak1d.o build/src/setups/dambreak2d/DamBreak2d.o build/src/setups/shockshock1d/ShockShock1d.o build/src/setups/rarerare1d/RareRare1d.o build/src/setups/subcritical1d/Subcritical1d.o build/src/setups/supercritical1d/Supercritical1d.o build/src/setups/tsunamievent1d/TsunamiEvent1d.o build/src/setups/tsunamievent2d/TsunamiEvent2d.o build/src/setups/artificialTsunami2d/ArtificialTsunami2d.o build/src/io/csv/Csv.o build/src/io/stations/Stations.o build/src/io/netCDF/NetCDF.o build/src/setups/checkpoint/Checkpoint.o build/src/main.o -lnetcdf
scons: done building targets.
####################################
### Tsunami Lab                  ###
###                              ###
### https://scalable.uni-jena.de ###
####################################
simulating in 2d
using fwave-solver
tsunami2d
using TsunamiEvent2d() setup
Entering TsunamiEvent2d
NetCDF:: Looking for file: data/real_tsunamis/tohoku_gebco20_usgs_250m_bath.nc
NetCDF:: Looking for file: data/real_tsunamis/tohoku_gebco20_usgs_250m_displ.nc
delete checkpoints
Width: 2.69975e+06
Height: 1.49975e+06
runtime configuration
  number of cells in x-direction: 899
  number of cells in y-direction: 499
  cell size:                      3003.06
entering time loop
  simulation time / #time steps: 0 / 0
	Time to write: 0.0447685s
	Time since programm started: 3.33e-07s
  simulation time / #time steps: 2450.94 / 500
	Time to write: 0.0456637s
	Time since programm started: 35.1328s
  simulation time / #time steps: 4901.87 / 1000
	Time to write: 0.0406317s
	Time since programm started: 72.7291s
  simulation time / #time steps: 7352.8 / 1500
	Time to write: 0.0355755s
	Time since programm started: 113.649s
  simulation time / #time steps: 9803.88 / 2000
	Time to write: 0.0360071s
	Time since programm started: 154.141s
  simulation time / #time steps: 12255.1 / 2500
	Time to write: 0.0401073s
	Time since programm started: 196.981s
  simulation time / #time steps: 14706.2 / 3000
	Time to write: 0.0367479s
	Time since programm started: 238.008s
  simulation time / #time steps: 17157.4 / 3500
	Time to write: 0.0387278s
	Time since programm started: 280.896s
  simulation time / #time steps: 19608.6 / 4000
	Time to write: 0.0398781s
	Time since programm started: 323.887s
  simulation time / #time steps: 22059.7 / 4500
	Time to write: 0.0623914s
	Time since programm started: 369.342s
  simulation time / #time steps: 24510.9 / 5000
	Time to write: 0.0361678s
	Time since programm started: 412.086s
  simulation time / #time steps: 26962.1 / 5500
	Time to write: 0.0539441s
	Time since programm started: 455.209s
  simulation time / #time steps: 29413.3 / 6000
	Time to write: 0.0363312s
	Time since programm started: 497.663s
  simulation time / #time steps: 31864.4 / 6500
	Time to write: 0.0609614s
	Time since programm started: 537.788s
  simulation time / #time steps: 34315.6 / 7000
	Time to write: 0.0348658s
	Time since programm started: 576.218s
finished time loop
freeing memory
delete checkpoints
finished, exiting
